2021-10-12 14:29:02,153 INFO  [org.jboss.modules] (main) JBoss Modules version 1.11.0.Final
2021-10-12 14:29:02,987 INFO  [org.jboss.msc] (main) JBoss MSC version 1.4.12.Final
2021-10-12 14:29:02,998 INFO  [org.jboss.threads] (main) JBoss Threads version 2.4.0.Final
2021-10-12 14:29:03,101 INFO  [org.jboss.as] (MSC service thread 1-2) WFLYSRV0049: WildFly Full 24.0.1.Final (WildFly Core 16.0.1.Final) starting
2021-10-12 14:29:03,103 DEBUG [org.jboss.as.config] (MSC service thread 1-2) Configured system properties:
	[Standalone] = 
	file.encoding = Cp1252
	file.separator = \
	java.awt.headless = true
	java.class.path = D:\STP-Backend-Projects\TASK5\target\wildfly-24.0.1.Final\jboss-modules.jar
	java.class.version = 61.0
	java.home = C:\Users\smaged\.jdks\openjdk-17
	java.io.tmpdir = C:\Users\smaged\AppData\Local\Temp\
	java.library.path = C:\Users\smaged\.jdks\openjdk-17\bin;C:\Windows\Sun\Java\bin;C:\Windows\system32;C:\Windows;C:\Program Files\Common Files\Oracle\Java\javapath;C:\Python39\Scripts\;C:\Python39\;C:\Windows\system32;C:\Windows;C:\Windows\System32\Wbem;C:\Windows\System32\WindowsPowerShell\v1.0\;C:\Windows\System32\OpenSSH\;C:\Program Files\Microsoft VS Code\bin;C:\Program Files\nodejs\;C:\ProgramData\chocolatey\bin;C:\Program Files\Git\cmd;C:\Program Files\Java\jdk-11.0.11\bin;C:\Users\smaged\Downloads\apache-maven-3.8.2\bin;C:\Program Files\MySQL\MySQL Shell 8.0\bin\;.
	java.net.preferIPv4Stack = true
	java.runtime.name = OpenJDK Runtime Environment
	java.runtime.version = 17+35-2724
	java.specification.name = Java Platform API Specification
	java.specification.vendor = Oracle Corporation
	java.specification.version = 17
	java.util.logging.manager = org.jboss.logmanager.LogManager
	java.vendor = Oracle Corporation
	java.vendor.url = https://java.oracle.com/
	java.vendor.url.bug = https://bugreport.java.com/bugreport/
	java.version = 17
	java.version.date = 2021-09-14
	java.vm.compressedOopsMode = 32-bit
	java.vm.info = mixed mode, sharing
	java.vm.name = OpenJDK 64-Bit Server VM
	java.vm.specification.name = Java Virtual Machine Specification
	java.vm.specification.vendor = Oracle Corporation
	java.vm.specification.version = 17
	java.vm.vendor = Oracle Corporation
	java.vm.version = 17+35-2724
	javax.management.builder.initial = org.jboss.as.jmx.PluggableMBeanServerBuilder
	jboss.home.dir = D:\STP-Backend-Projects\TASK5\target\wildfly-24.0.1.Final
	jboss.host.name = smaged-10
	jboss.modules.dir = D:\STP-Backend-Projects\TASK5\target\wildfly-24.0.1.Final\modules
	jboss.modules.system.pkgs = org.jboss.byteman
	jboss.node.name = smaged-10
	jboss.qualified.host.name = smaged-10
	jboss.server.base.dir = D:\STP-Backend-Projects\TASK5\target\wildfly-24.0.1.Final\standalone
	jboss.server.config.dir = D:\STP-Backend-Projects\TASK5\target\wildfly-24.0.1.Final\standalone\configuration
	jboss.server.data.dir = D:\STP-Backend-Projects\TASK5\target\wildfly-24.0.1.Final\standalone\data
	jboss.server.deploy.dir = D:\STP-Backend-Projects\TASK5\target\wildfly-24.0.1.Final\standalone\data\content
	jboss.server.log.dir = D:\STP-Backend-Projects\TASK5\target\wildfly-24.0.1.Final\standalone\log
	jboss.server.name = smaged-10
	jboss.server.persist.config = true
	jboss.server.temp.dir = D:\STP-Backend-Projects\TASK5\target\wildfly-24.0.1.Final\standalone\tmp
	jdk.debug = release
	line.separator = 

	logging.configuration = file:D:\STP-Backend-Projects\TASK5\target\wildfly-24.0.1.Final\standalone\configuration\logging.properties
	module.path = D:\STP-Backend-Projects\TASK5\target\wildfly-24.0.1.Final\modules
	native.encoding = Cp1252
	org.jboss.boot.log.file = D:\STP-Backend-Projects\TASK5\target\wildfly-24.0.1.Final\standalone\log\server.log
	org.jboss.resolver.warning = true
	os.arch = amd64
	os.name = Windows 10
	os.version = 10.0
	path.separator = ;
	sun.arch.data.model = 64
	sun.boot.library.path = C:\Users\smaged\.jdks\openjdk-17\bin
	sun.cpu.endian = little
	sun.cpu.isalist = amd64
	sun.io.unicode.encoding = UnicodeLittle
	sun.java.command = D:\STP-Backend-Projects\TASK5\target\wildfly-24.0.1.Final\jboss-modules.jar -mp D:\STP-Backend-Projects\TASK5\target\wildfly-24.0.1.Final\modules org.jboss.as.standalone -Djboss.home.dir=D:\STP-Backend-Projects\TASK5\target\wildfly-24.0.1.Final -Djboss.server.base.dir=D:\STP-Backend-Projects\TASK5\target\wildfly-24.0.1.Final\standalone -Djboss.server.log.dir=D:\STP-Backend-Projects\TASK5\target\wildfly-24.0.1.Final\standalone\log -Djboss.server.config.dir=D:\STP-Backend-Projects\TASK5\target\wildfly-24.0.1.Final\standalone\configuration
	sun.java.launcher = SUN_STANDARD
	sun.jnu.encoding = Cp1252
	sun.management.compiler = HotSpot 64-Bit Tiered Compilers
	sun.os.patch.level = 
	user.country = US
	user.dir = D:\STP-Backend-Projects\TASK5
	user.home = C:\Users\smaged
	user.language = en
	user.name = smaged
	user.script = 
	user.timezone = Africa/Cairo
	user.variant = 
2021-10-12 14:29:03,107 DEBUG [org.jboss.as.config] (MSC service thread 1-2) VM Arguments: -D[Standalone] -Xms64m -Xmx512m -Djava.net.preferIPv4Stack=true -Djava.awt.headless=true -Djboss.modules.system.pkgs=org.jboss.byteman --add-exports=java.base/sun.nio.ch=ALL-UNNAMED --add-exports=jdk.unsupported/sun.reflect=ALL-UNNAMED --add-exports=jdk.unsupported/sun.misc=ALL-UNNAMED --add-modules=java.se --add-exports=java.base/sun.nio.ch=ALL-UNNAMED --add-exports=jdk.unsupported/sun.reflect=ALL-UNNAMED --add-exports=jdk.unsupported/sun.misc=ALL-UNNAMED -Dorg.jboss.boot.log.file=D:\STP-Backend-Projects\TASK5\target\wildfly-24.0.1.Final\standalone\log\server.log -Dlogging.configuration=file:D:\STP-Backend-Projects\TASK5\target\wildfly-24.0.1.Final\standalone\configuration\logging.properties 
2021-10-12 14:29:03,885 INFO  [org.wildfly.security] (ServerService Thread Pool -- 27) ELY00001: WildFly Elytron version 1.16.1.Final
2021-10-12 14:29:04,256 INFO  [org.jboss.as.controller.management-deprecated] (ServerService Thread Pool -- 2) WFLYCTL0033: Extension 'security' is deprecated and may not be supported in future versions
2021-10-12 14:29:04,658 INFO  [org.jboss.as.controller.management-deprecated] (Controller Boot Thread) WFLYCTL0028: Attribute 'security-realm' in the resource at address '/core-service=management/management-interface=http-interface' is deprecated, and may be removed in a future version. See the attribute description in the output of the read-resource-description operation to learn more about the deprecation.
2021-10-12 14:29:04,681 INFO  [org.jboss.as.controller.management-deprecated] (ServerService Thread Pool -- 11) WFLYCTL0028: Attribute 'security-realm' in the resource at address '/subsystem=undertow/server=default-server/https-listener=https' is deprecated, and may be removed in a future version. See the attribute description in the output of the read-resource-description operation to learn more about the deprecation.
2021-10-12 14:29:04,778 INFO  [org.jboss.as.server] (Controller Boot Thread) WFLYSRV0039: Creating http management service using socket-binding (management-http)
2021-10-12 14:29:04,797 INFO  [org.xnio] (MSC service thread 1-8) XNIO version 3.8.4.Final
2021-10-12 14:29:04,806 INFO  [org.xnio.nio] (MSC service thread 1-8) XNIO NIO Implementation Version 3.8.4.Final
2021-10-12 14:29:04,904 INFO  [org.wildfly.extension.health] (ServerService Thread Pool -- 52) WFLYHEALTH0001: Activating Base Health Subsystem
2021-10-12 14:29:04,908 INFO  [org.wildfly.extension.io] (ServerService Thread Pool -- 54) WFLYIO001: Worker 'default' has auto-configured to 16 IO threads with 128 max task threads based on your 8 available processors
2021-10-12 14:29:04,927 INFO  [org.jboss.as.clustering.infinispan] (ServerService Thread Pool -- 53) WFLYCLINF0001: Activating Infinispan subsystem.
2021-10-12 14:29:04,945 INFO  [org.wildfly.extension.microprofile.config.smallrye] (ServerService Thread Pool -- 63) WFLYCONF0001: Activating MicroProfile Config Subsystem
2021-10-12 14:29:04,956 INFO  [org.jboss.as.jsf] (ServerService Thread Pool -- 60) WFLYJSF0007: Activated the following Jakarta Server Faces Implementations: [main]
2021-10-12 14:29:04,961 INFO  [org.wildfly.extension.microprofile.jwt.smallrye] (ServerService Thread Pool -- 64) WFLYJWT0001: Activating MicroProfile JWT Subsystem
2021-10-12 14:29:05,006 WARN  [org.jboss.as.txn] (ServerService Thread Pool -- 74) WFLYTX0013: The node-identifier attribute on the /subsystem=transactions is set to the default value. This is a danger for environments running multiple servers. Please make sure the attribute value is unique.
2021-10-12 14:29:05,017 INFO  [org.wildfly.extension.metrics] (ServerService Thread Pool -- 62) WFLYMETRICS0001: Activating Base Metrics Subsystem
2021-10-12 14:29:05,021 INFO  [org.jboss.as.jaxrs] (ServerService Thread Pool -- 55) WFLYRS0016: RESTEasy version 3.15.1.Final
2021-10-12 14:29:05,032 INFO  [org.wildfly.extension.microprofile.opentracing] (ServerService Thread Pool -- 65) WFLYTRACEXT0001: Activating MicroProfile OpenTracing Subsystem
2021-10-12 14:29:05,070 INFO  [org.jboss.as.security] (ServerService Thread Pool -- 72) WFLYSEC0002: Activating Security Subsystem
2021-10-12 14:29:05,074 INFO  [org.jboss.as.naming] (ServerService Thread Pool -- 66) WFLYNAM0001: Activating Naming Subsystem
2021-10-12 14:29:05,088 INFO  [org.jboss.as.security] (MSC service thread 1-8) WFLYSEC0001: Current PicketBox version=5.0.3.Final-redhat-00007
2021-10-12 14:29:05,127 INFO  [org.jboss.as.connector] (MSC service thread 1-3) WFLYJCA0009: Starting Jakarta Connectors Subsystem (WildFly/IronJacamar 1.4.35.Final)
2021-10-12 14:29:05,173 INFO  [org.jboss.remoting] (MSC service thread 1-7) JBoss Remoting version 5.0.23.Final
2021-10-12 14:29:05,178 INFO  [org.jboss.as.webservices] (ServerService Thread Pool -- 76) WFLYWS0002: Activating WebServices Extension
2021-10-12 14:29:05,186 INFO  [org.jboss.as.connector.subsystems.datasources] (ServerService Thread Pool -- 44) WFLYJCA0004: Deploying JDBC-compliant driver class org.h2.Driver (version 1.4)
2021-10-12 14:29:05,221 INFO  [org.wildfly.extension.undertow] (MSC service thread 1-1) WFLYUT0003: Undertow 2.2.8.Final starting
2021-10-12 14:29:05,283 INFO  [org.jboss.as.connector.deployers.jdbc] (MSC service thread 1-7) WFLYJCA0018: Started Driver service with driver-name = h2
2021-10-12 14:29:05,317 INFO  [org.jboss.as.naming] (MSC service thread 1-1) WFLYNAM0003: Starting Naming Service
2021-10-12 14:29:05,328 WARN  [org.wildfly.extension.elytron] (MSC service thread 1-5) WFLYELY00023: KeyStore file 'D:\STP-Backend-Projects\TASK5\target\wildfly-24.0.1.Final\standalone\configuration\application.keystore' does not exist. Used blank.
2021-10-12 14:29:05,356 INFO  [org.jboss.as.mail.extension] (MSC service thread 1-1) WFLYMAIL0001: Bound mail session [java:jboss/mail/Default]
2021-10-12 14:29:05,392 INFO  [org.wildfly.extension.undertow] (ServerService Thread Pool -- 75) WFLYUT0014: Creating file handler for path 'D:\STP-Backend-Projects\TASK5\target\wildfly-24.0.1.Final/welcome-content' with options [directory-listing: 'false', follow-symlink: 'false', case-sensitive: 'true', safe-symlink-paths: '[]']
2021-10-12 14:29:05,462 WARN  [org.wildfly.extension.elytron] (MSC service thread 1-1) WFLYELY01084: KeyStore D:\STP-Backend-Projects\TASK5\target\wildfly-24.0.1.Final\standalone\configuration\application.keystore not found, it will be auto generated on first use with a self-signed certificate for host localhost
2021-10-12 14:29:05,487 INFO  [org.jboss.as.ejb3] (MSC service thread 1-7) WFLYEJB0482: Strict pool mdb-strict-max-pool is using a max instance size of 32 (per class), which is derived from the number of CPUs on this host.
2021-10-12 14:29:05,487 INFO  [org.jboss.as.ejb3] (MSC service thread 1-5) WFLYEJB0481: Strict pool slsb-strict-max-pool is using a max instance size of 128 (per class), which is derived from thread worker pool sizing.
2021-10-12 14:29:05,584 INFO  [org.wildfly.extension.undertow] (MSC service thread 1-2) WFLYUT0012: Started server default-server.
2021-10-12 14:29:05,586 INFO  [org.wildfly.extension.undertow] (MSC service thread 1-2) Queuing requests.
2021-10-12 14:29:05,589 INFO  [org.wildfly.extension.undertow] (MSC service thread 1-2) WFLYUT0018: Host default-host starting
2021-10-12 14:29:05,745 ERROR [org.jboss.msc.service.fail] (MSC service thread 1-4) MSC000001: Failed to start service org.wildfly.undertow.listener.default: org.jboss.msc.service.StartException in service org.wildfly.undertow.listener.default: Address already in use: bind /127.0.0.1:8080
	at org.wildfly.extension.undertow@24.0.1.Final//org.wildfly.extension.undertow.ListenerService.start(ListenerService.java:212)
	at org.jboss.msc@1.4.12.Final//org.jboss.msc.service.ServiceControllerImpl$StartTask.startService(ServiceControllerImpl.java:1739)
	at org.jboss.msc@1.4.12.Final//org.jboss.msc.service.ServiceControllerImpl$StartTask.execute(ServiceControllerImpl.java:1701)
	at org.jboss.msc@1.4.12.Final//org.jboss.msc.service.ServiceControllerImpl$ControllerTask.run(ServiceControllerImpl.java:1559)
	at org.jboss.threads@2.4.0.Final//org.jboss.threads.ContextClassLoaderSavingRunnable.run(ContextClassLoaderSavingRunnable.java:35)
	at org.jboss.threads@2.4.0.Final//org.jboss.threads.EnhancedQueueExecutor.safeRun(EnhancedQueueExecutor.java:1990)
	at org.jboss.threads@2.4.0.Final//org.jboss.threads.EnhancedQueueExecutor$ThreadBody.doRunTask(EnhancedQueueExecutor.java:1486)
	at org.jboss.threads@2.4.0.Final//org.jboss.threads.EnhancedQueueExecutor$ThreadBody.run(EnhancedQueueExecutor.java:1363)
	at java.base/java.lang.Thread.run(Thread.java:833)

2021-10-12 14:29:06,314 INFO  [org.jboss.as.ejb3] (MSC service thread 1-1) WFLYEJB0493: Jakarta Enterprise Beans subsystem suspension complete
2021-10-12 14:29:06,432 INFO  [org.jboss.as.patching] (MSC service thread 1-3) WFLYPAT0050: WildFly Full cumulative patch ID is: base, one-off patches include: none
2021-10-12 14:29:06,600 INFO  [org.jboss.as.connector.subsystems.datasources] (MSC service thread 1-8) WFLYJCA0001: Bound data source [java:jboss/datasources/ExampleDS]
2021-10-12 14:29:06,692 WARN  [org.jboss.as.domain.management.security] (MSC service thread 1-2) WFLYDM0111: Keystore D:\STP-Backend-Projects\TASK5\target\wildfly-24.0.1.Final\standalone\configuration\application.keystore not found, it will be auto generated on first use with a self signed certificate for host localhost
2021-10-12 14:29:06,710 INFO  [org.jboss.as.server.deployment.scanner] (MSC service thread 1-3) WFLYDS0013: Started FileSystemDeploymentService for directory D:\STP-Backend-Projects\TASK5\target\wildfly-24.0.1.Final\standalone\deployments
2021-10-12 14:29:06,824 INFO  [org.wildfly.extension.undertow] (MSC service thread 1-6) WFLYUT0006: Undertow HTTPS listener https listening on 127.0.0.1:8443
2021-10-12 14:29:06,992 ERROR [org.jboss.as.controller.management-operation] (Controller Boot Thread) WFLYCTL0013: Operation ("add") failed - address: ([
    ("subsystem" => "remoting"),
    ("http-connector" => "http-remoting-connector")
]) - failure description: {
    "WFLYCTL0412: Required services that are not installed:" => ["jboss.http-upgrade-registry.default"],
    "WFLYCTL0180: Services with missing/unavailable dependencies" => ["jboss.remoting.remoting-http-upgrade-service.http-remoting-connector is missing [jboss.http-upgrade-registry.default]"]
}
2021-10-12 14:29:06,993 ERROR [org.jboss.as.controller.management-operation] (Controller Boot Thread) WFLYCTL0013: Operation ("add") failed - address: ([
    ("subsystem" => "undertow"),
    ("server" => "default-server"),
    ("http-listener" => "default")
]) - failure description: {"WFLYCTL0080: Failed services" => {"org.wildfly.undertow.listener.default" => "Address already in use: bind /127.0.0.1:8080"}}
2021-10-12 14:29:07,003 INFO  [org.jboss.as.controller] (Controller Boot Thread) WFLYCTL0183: Service status report
WFLYCTL0184:    New missing/unsatisfied dependencies:
      service jboss.http-upgrade-registry.default (missing) dependents: [service jboss.remoting.remoting-http-upgrade-service.http-remoting-connector] 
WFLYCTL0186:   Services which failed to start:      service org.wildfly.undertow.listener.default: Address already in use: bind /127.0.0.1:8080
WFLYCTL0448: 1 additional services are down due to their dependencies being missing or failed
2021-10-12 14:29:07,060 INFO  [org.jboss.as.server] (Controller Boot Thread) WFLYSRV0212: Resuming server
2021-10-12 14:29:07,063 ERROR [org.jboss.as] (Controller Boot Thread) WFLYSRV0026: WildFly Full 24.0.1.Final (WildFly Core 16.0.1.Final) started (with errors) in 5267ms - Started 312 of 556 services (3 services failed or missing dependencies, 344 services are lazy, passive or on-demand)
2021-10-12 14:29:07,066 INFO  [org.jboss.as] (Controller Boot Thread) WFLYSRV0060: Http management interface listening on http://127.0.0.1:9990/management
2021-10-12 14:29:07,066 INFO  [org.jboss.as] (Controller Boot Thread) WFLYSRV0051: Admin console listening on http://127.0.0.1:9990
2021-10-12 15:31:55,828 INFO  [org.jboss.as.server] (management-handler-thread - 2) WFLYSRV0272: Suspending server
2021-10-12 15:31:55,878 INFO  [org.jboss.as.ejb3] (management-handler-thread - 2) WFLYEJB0493: Jakarta Enterprise Beans subsystem suspension complete
2021-10-12 15:31:55,884 INFO  [org.jboss.as.server] (Management Triggered Shutdown) WFLYSRV0241: Shutting down in response to management operation 'shutdown'
2021-10-12 15:31:55,939 INFO  [org.jboss.as.connector.subsystems.datasources] (MSC service thread 1-2) WFLYJCA0010: Unbound data source [java:jboss/datasources/ExampleDS]
2021-10-12 15:31:55,938 INFO  [org.jboss.as.mail.extension] (MSC service thread 1-5) WFLYMAIL0002: Unbound mail session [java:jboss/mail/Default]
2021-10-12 15:31:55,942 INFO  [org.wildfly.extension.undertow] (MSC service thread 1-3) WFLYUT0019: Host default-host stopping
2021-10-12 15:31:55,946 INFO  [org.wildfly.extension.undertow] (MSC service thread 1-6) WFLYUT0008: Undertow HTTPS listener https suspending
2021-10-12 15:31:55,958 INFO  [org.wildfly.extension.undertow] (MSC service thread 1-6) WFLYUT0007: Undertow HTTPS listener https stopped, was bound to 127.0.0.1:8443
2021-10-12 15:31:55,962 INFO  [org.jboss.as.connector.deployers.jdbc] (MSC service thread 1-4) WFLYJCA0019: Stopped Driver service with driver-name = h2
2021-10-12 15:31:55,966 INFO  [org.wildfly.extension.undertow] (MSC service thread 1-8) WFLYUT0004: Undertow 2.2.8.Final stopping
2021-10-12 15:31:56,003 INFO  [org.jboss.as] (MSC service thread 1-8) WFLYSRV0050: WildFly Full 24.0.1.Final (WildFly Core 16.0.1.Final) stopped in 93ms
2021-10-12 15:32:07,109 INFO  [org.jboss.modules] (main) JBoss Modules version 1.11.0.Final
2021-10-12 15:32:07,915 INFO  [org.jboss.msc] (main) JBoss MSC version 1.4.12.Final
2021-10-12 15:32:07,928 INFO  [org.jboss.threads] (main) JBoss Threads version 2.4.0.Final
2021-10-12 15:32:08,114 INFO  [org.jboss.as] (MSC service thread 1-2) WFLYSRV0049: WildFly Full 24.0.1.Final (WildFly Core 16.0.1.Final) starting
2021-10-12 15:32:08,117 DEBUG [org.jboss.as.config] (MSC service thread 1-2) Configured system properties:
	[Standalone] = 
	file.encoding = Cp1252
	file.separator = \
	java.awt.headless = true
	java.class.path = D:\STP-Backend-Projects\TASK5\target\wildfly-24.0.1.Final\jboss-modules.jar
	java.class.version = 61.0
	java.home = C:\Users\smaged\.jdks\openjdk-17
	java.io.tmpdir = C:\Users\smaged\AppData\Local\Temp\
	java.library.path = C:\Users\smaged\.jdks\openjdk-17\bin;C:\Windows\Sun\Java\bin;C:\Windows\system32;C:\Windows;C:\Program Files\Common Files\Oracle\Java\javapath;C:\Python39\Scripts\;C:\Python39\;C:\Windows\system32;C:\Windows;C:\Windows\System32\Wbem;C:\Windows\System32\WindowsPowerShell\v1.0\;C:\Windows\System32\OpenSSH\;C:\Program Files\Microsoft VS Code\bin;C:\Program Files\nodejs\;C:\ProgramData\chocolatey\bin;C:\Program Files\Git\cmd;C:\Program Files\Java\jdk-11.0.11\bin;C:\Users\smaged\Downloads\apache-maven-3.8.2\bin;C:\Program Files\MySQL\MySQL Shell 8.0\bin\;.
	java.net.preferIPv4Stack = true
	java.runtime.name = OpenJDK Runtime Environment
	java.runtime.version = 17+35-2724
	java.specification.name = Java Platform API Specification
	java.specification.vendor = Oracle Corporation
	java.specification.version = 17
	java.util.logging.manager = org.jboss.logmanager.LogManager
	java.vendor = Oracle Corporation
	java.vendor.url = https://java.oracle.com/
	java.vendor.url.bug = https://bugreport.java.com/bugreport/
	java.version = 17
	java.version.date = 2021-09-14
	java.vm.compressedOopsMode = 32-bit
	java.vm.info = mixed mode, sharing
	java.vm.name = OpenJDK 64-Bit Server VM
	java.vm.specification.name = Java Virtual Machine Specification
	java.vm.specification.vendor = Oracle Corporation
	java.vm.specification.version = 17
	java.vm.vendor = Oracle Corporation
	java.vm.version = 17+35-2724
	javax.management.builder.initial = org.jboss.as.jmx.PluggableMBeanServerBuilder
	jboss.home.dir = D:\STP-Backend-Projects\TASK5\target\wildfly-24.0.1.Final
	jboss.host.name = smaged-10
	jboss.modules.dir = D:\STP-Backend-Projects\TASK5\target\wildfly-24.0.1.Final\modules
	jboss.modules.system.pkgs = org.jboss.byteman
	jboss.node.name = smaged-10
	jboss.qualified.host.name = smaged-10
	jboss.server.base.dir = D:\STP-Backend-Projects\TASK5\target\wildfly-24.0.1.Final\standalone
	jboss.server.config.dir = D:\STP-Backend-Projects\TASK5\target\wildfly-24.0.1.Final\standalone\configuration
	jboss.server.data.dir = D:\STP-Backend-Projects\TASK5\target\wildfly-24.0.1.Final\standalone\data
	jboss.server.deploy.dir = D:\STP-Backend-Projects\TASK5\target\wildfly-24.0.1.Final\standalone\data\content
	jboss.server.log.dir = D:\STP-Backend-Projects\TASK5\target\wildfly-24.0.1.Final\standalone\log
	jboss.server.name = smaged-10
	jboss.server.persist.config = true
	jboss.server.temp.dir = D:\STP-Backend-Projects\TASK5\target\wildfly-24.0.1.Final\standalone\tmp
	jdk.debug = release
	line.separator = 

	logging.configuration = file:D:\STP-Backend-Projects\TASK5\target\wildfly-24.0.1.Final\standalone\configuration\logging.properties
	module.path = D:\STP-Backend-Projects\TASK5\target\wildfly-24.0.1.Final\modules
	native.encoding = Cp1252
	org.jboss.boot.log.file = D:\STP-Backend-Projects\TASK5\target\wildfly-24.0.1.Final\standalone\log\server.log
	org.jboss.resolver.warning = true
	os.arch = amd64
	os.name = Windows 10
	os.version = 10.0
	path.separator = ;
	sun.arch.data.model = 64
	sun.boot.library.path = C:\Users\smaged\.jdks\openjdk-17\bin
	sun.cpu.endian = little
	sun.cpu.isalist = amd64
	sun.io.unicode.encoding = UnicodeLittle
	sun.java.command = D:\STP-Backend-Projects\TASK5\target\wildfly-24.0.1.Final\jboss-modules.jar -mp D:\STP-Backend-Projects\TASK5\target\wildfly-24.0.1.Final\modules org.jboss.as.standalone -Djboss.home.dir=D:\STP-Backend-Projects\TASK5\target\wildfly-24.0.1.Final -Djboss.server.base.dir=D:\STP-Backend-Projects\TASK5\target\wildfly-24.0.1.Final\standalone -Djboss.server.log.dir=D:\STP-Backend-Projects\TASK5\target\wildfly-24.0.1.Final\standalone\log -Djboss.server.config.dir=D:\STP-Backend-Projects\TASK5\target\wildfly-24.0.1.Final\standalone\configuration
	sun.java.launcher = SUN_STANDARD
	sun.jnu.encoding = Cp1252
	sun.management.compiler = HotSpot 64-Bit Tiered Compilers
	sun.os.patch.level = 
	user.country = US
	user.dir = D:\STP-Backend-Projects\TASK5
	user.home = C:\Users\smaged
	user.language = en
	user.name = smaged
	user.script = 
	user.timezone = Africa/Cairo
	user.variant = 
2021-10-12 15:32:08,121 DEBUG [org.jboss.as.config] (MSC service thread 1-2) VM Arguments: -D[Standalone] -Xms64m -Xmx512m -Djava.net.preferIPv4Stack=true -Djava.awt.headless=true -Djboss.modules.system.pkgs=org.jboss.byteman --add-exports=java.base/sun.nio.ch=ALL-UNNAMED --add-exports=jdk.unsupported/sun.reflect=ALL-UNNAMED --add-exports=jdk.unsupported/sun.misc=ALL-UNNAMED --add-modules=java.se --add-exports=java.base/sun.nio.ch=ALL-UNNAMED --add-exports=jdk.unsupported/sun.reflect=ALL-UNNAMED --add-exports=jdk.unsupported/sun.misc=ALL-UNNAMED -Dorg.jboss.boot.log.file=D:\STP-Backend-Projects\TASK5\target\wildfly-24.0.1.Final\standalone\log\server.log -Dlogging.configuration=file:D:\STP-Backend-Projects\TASK5\target\wildfly-24.0.1.Final\standalone\configuration\logging.properties 
2021-10-12 15:32:09,282 INFO  [org.wildfly.security] (ServerService Thread Pool -- 8) ELY00001: WildFly Elytron version 1.16.1.Final
2021-10-12 15:32:09,817 INFO  [org.jboss.as.controller.management-deprecated] (ServerService Thread Pool -- 28) WFLYCTL0033: Extension 'security' is deprecated and may not be supported in future versions
2021-10-12 15:32:10,218 INFO  [org.jboss.as.controller.management-deprecated] (Controller Boot Thread) WFLYCTL0028: Attribute 'security-realm' in the resource at address '/core-service=management/management-interface=http-interface' is deprecated, and may be removed in a future version. See the attribute description in the output of the read-resource-description operation to learn more about the deprecation.
2021-10-12 15:32:10,252 INFO  [org.jboss.as.controller.management-deprecated] (ServerService Thread Pool -- 7) WFLYCTL0028: Attribute 'security-realm' in the resource at address '/subsystem=undertow/server=default-server/https-listener=https' is deprecated, and may be removed in a future version. See the attribute description in the output of the read-resource-description operation to learn more about the deprecation.
2021-10-12 15:32:10,363 INFO  [org.jboss.as.server] (Controller Boot Thread) WFLYSRV0039: Creating http management service using socket-binding (management-http)
2021-10-12 15:32:10,389 INFO  [org.xnio] (MSC service thread 1-5) XNIO version 3.8.4.Final
2021-10-12 15:32:10,403 INFO  [org.xnio.nio] (MSC service thread 1-5) XNIO NIO Implementation Version 3.8.4.Final
2021-10-12 15:32:10,526 INFO  [org.jboss.as.connector.subsystems.datasources] (ServerService Thread Pool -- 44) WFLYJCA0004: Deploying JDBC-compliant driver class org.h2.Driver (version 1.4)
2021-10-12 15:32:10,551 INFO  [org.wildfly.extension.health] (ServerService Thread Pool -- 52) WFLYHEALTH0001: Activating Base Health Subsystem
2021-10-12 15:32:10,563 INFO  [org.jboss.as.clustering.infinispan] (ServerService Thread Pool -- 53) WFLYCLINF0001: Activating Infinispan subsystem.
2021-10-12 15:32:10,585 INFO  [org.wildfly.extension.microprofile.config.smallrye] (ServerService Thread Pool -- 63) WFLYCONF0001: Activating MicroProfile Config Subsystem
2021-10-12 15:32:10,589 INFO  [org.wildfly.extension.microprofile.jwt.smallrye] (ServerService Thread Pool -- 64) WFLYJWT0001: Activating MicroProfile JWT Subsystem
2021-10-12 15:32:10,599 INFO  [org.jboss.as.jsf] (ServerService Thread Pool -- 60) WFLYJSF0007: Activated the following Jakarta Server Faces Implementations: [main]
2021-10-12 15:32:10,605 INFO  [org.jboss.as.jaxrs] (ServerService Thread Pool -- 55) WFLYRS0016: RESTEasy version 3.15.1.Final
2021-10-12 15:32:10,612 WARN  [org.jboss.as.txn] (ServerService Thread Pool -- 74) WFLYTX0013: The node-identifier attribute on the /subsystem=transactions is set to the default value. This is a danger for environments running multiple servers. Please make sure the attribute value is unique.
2021-10-12 15:32:10,626 INFO  [org.wildfly.extension.metrics] (ServerService Thread Pool -- 62) WFLYMETRICS0001: Activating Base Metrics Subsystem
2021-10-12 15:32:10,627 INFO  [org.wildfly.extension.microprofile.opentracing] (ServerService Thread Pool -- 65) WFLYTRACEXT0001: Activating MicroProfile OpenTracing Subsystem
2021-10-12 15:32:10,658 INFO  [org.jboss.as.security] (ServerService Thread Pool -- 72) WFLYSEC0002: Activating Security Subsystem
2021-10-12 15:32:10,665 INFO  [org.jboss.as.naming] (ServerService Thread Pool -- 66) WFLYNAM0001: Activating Naming Subsystem
2021-10-12 15:32:10,676 INFO  [org.jboss.as.security] (MSC service thread 1-1) WFLYSEC0001: Current PicketBox version=5.0.3.Final-redhat-00007
2021-10-12 15:32:10,732 INFO  [org.jboss.as.webservices] (ServerService Thread Pool -- 76) WFLYWS0002: Activating WebServices Extension
2021-10-12 15:32:10,795 INFO  [org.wildfly.extension.undertow] (MSC service thread 1-8) WFLYUT0003: Undertow 2.2.8.Final starting
2021-10-12 15:32:10,813 INFO  [org.jboss.as.connector] (MSC service thread 1-3) WFLYJCA0009: Starting Jakarta Connectors Subsystem (WildFly/IronJacamar 1.4.35.Final)
2021-10-12 15:32:10,976 WARN  [org.wildfly.extension.elytron] (MSC service thread 1-8) WFLYELY00023: KeyStore file 'D:\STP-Backend-Projects\TASK5\target\wildfly-24.0.1.Final\standalone\configuration\application.keystore' does not exist. Used blank.
2021-10-12 15:32:11,019 INFO  [org.jboss.as.connector.deployers.jdbc] (MSC service thread 1-3) WFLYJCA0018: Started Driver service with driver-name = h2
2021-10-12 15:32:11,033 INFO  [org.jboss.as.naming] (MSC service thread 1-3) WFLYNAM0003: Starting Naming Service
2021-10-12 15:32:11,047 INFO  [org.jboss.as.mail.extension] (MSC service thread 1-8) WFLYMAIL0001: Bound mail session [java:jboss/mail/Default]
2021-10-12 15:32:11,057 WARN  [org.wildfly.extension.elytron] (MSC service thread 1-8) WFLYELY01084: KeyStore D:\STP-Backend-Projects\TASK5\target\wildfly-24.0.1.Final\standalone\configuration\application.keystore not found, it will be auto generated on first use with a self-signed certificate for host localhost
2021-10-12 15:32:11,068 INFO  [org.wildfly.extension.undertow] (ServerService Thread Pool -- 75) WFLYUT0014: Creating file handler for path 'D:\STP-Backend-Projects\TASK5\target\wildfly-24.0.1.Final/welcome-content' with options [directory-listing: 'false', follow-symlink: 'false', case-sensitive: 'true', safe-symlink-paths: '[]']
2021-10-12 15:32:11,547 INFO  [org.wildfly.extension.io] (ServerService Thread Pool -- 54) WFLYIO001: Worker 'default' has auto-configured to 16 IO threads with 128 max task threads based on your 8 available processors
2021-10-12 15:32:11,640 INFO  [org.jboss.as.ejb3] (MSC service thread 1-3) WFLYEJB0481: Strict pool slsb-strict-max-pool is using a max instance size of 128 (per class), which is derived from thread worker pool sizing.
2021-10-12 15:32:11,640 INFO  [org.jboss.as.ejb3] (MSC service thread 1-2) WFLYEJB0482: Strict pool mdb-strict-max-pool is using a max instance size of 32 (per class), which is derived from the number of CPUs on this host.
2021-10-12 15:32:11,661 INFO  [org.jboss.remoting] (MSC service thread 1-8) JBoss Remoting version 5.0.23.Final
2021-10-12 15:32:11,808 INFO  [org.jboss.as.ejb3] (MSC service thread 1-2) WFLYEJB0493: Jakarta Enterprise Beans subsystem suspension complete
2021-10-12 15:32:11,823 INFO  [org.wildfly.extension.undertow] (MSC service thread 1-2) WFLYUT0012: Started server default-server.
2021-10-12 15:32:11,826 INFO  [org.wildfly.extension.undertow] (MSC service thread 1-5) Queuing requests.
2021-10-12 15:32:11,828 INFO  [org.wildfly.extension.undertow] (MSC service thread 1-5) WFLYUT0018: Host default-host starting
2021-10-12 15:32:11,848 INFO  [org.jboss.as.patching] (MSC service thread 1-8) WFLYPAT0050: WildFly Full cumulative patch ID is: base, one-off patches include: none
2021-10-12 15:32:11,882 WARN  [org.jboss.as.domain.management.security] (MSC service thread 1-2) WFLYDM0111: Keystore D:\STP-Backend-Projects\TASK5\target\wildfly-24.0.1.Final\standalone\configuration\application.keystore not found, it will be auto generated on first use with a self signed certificate for host localhost
2021-10-12 15:32:11,894 INFO  [org.jboss.as.server.deployment.scanner] (MSC service thread 1-2) WFLYDS0013: Started FileSystemDeploymentService for directory D:\STP-Backend-Projects\TASK5\target\wildfly-24.0.1.Final\standalone\deployments
2021-10-12 15:32:11,906 ERROR [org.jboss.msc.service.fail] (MSC service thread 1-6) MSC000001: Failed to start service org.wildfly.undertow.listener.default: org.jboss.msc.service.StartException in service org.wildfly.undertow.listener.default: Address already in use: bind /127.0.0.1:8080
	at org.wildfly.extension.undertow@24.0.1.Final//org.wildfly.extension.undertow.ListenerService.start(ListenerService.java:212)
	at org.jboss.msc@1.4.12.Final//org.jboss.msc.service.ServiceControllerImpl$StartTask.startService(ServiceControllerImpl.java:1739)
	at org.jboss.msc@1.4.12.Final//org.jboss.msc.service.ServiceControllerImpl$StartTask.execute(ServiceControllerImpl.java:1701)
	at org.jboss.msc@1.4.12.Final//org.jboss.msc.service.ServiceControllerImpl$ControllerTask.run(ServiceControllerImpl.java:1559)
	at org.jboss.threads@2.4.0.Final//org.jboss.threads.ContextClassLoaderSavingRunnable.run(ContextClassLoaderSavingRunnable.java:35)
	at org.jboss.threads@2.4.0.Final//org.jboss.threads.EnhancedQueueExecutor.safeRun(EnhancedQueueExecutor.java:1990)
	at org.jboss.threads@2.4.0.Final//org.jboss.threads.EnhancedQueueExecutor$ThreadBody.doRunTask(EnhancedQueueExecutor.java:1486)
	at org.jboss.threads@2.4.0.Final//org.jboss.threads.EnhancedQueueExecutor$ThreadBody.run(EnhancedQueueExecutor.java:1363)
	at java.base/java.lang.Thread.run(Thread.java:833)

2021-10-12 15:32:11,950 INFO  [org.jboss.as.connector.subsystems.datasources] (MSC service thread 1-6) WFLYJCA0001: Bound data source [java:jboss/datasources/ExampleDS]
2021-10-12 15:32:11,959 INFO  [org.wildfly.extension.undertow] (MSC service thread 1-3) WFLYUT0006: Undertow HTTPS listener https listening on 127.0.0.1:8443
2021-10-12 15:32:12,309 ERROR [org.jboss.as.controller.management-operation] (Controller Boot Thread) WFLYCTL0013: Operation ("add") failed - address: ([
    ("subsystem" => "remoting"),
    ("http-connector" => "http-remoting-connector")
]) - failure description: {
    "WFLYCTL0412: Required services that are not installed:" => ["jboss.http-upgrade-registry.default"],
    "WFLYCTL0180: Services with missing/unavailable dependencies" => ["jboss.remoting.remoting-http-upgrade-service.http-remoting-connector is missing [jboss.http-upgrade-registry.default]"]
}
2021-10-12 15:32:12,318 ERROR [org.jboss.as.controller.management-operation] (Controller Boot Thread) WFLYCTL0013: Operation ("add") failed - address: ([
    ("subsystem" => "undertow"),
    ("server" => "default-server"),
    ("http-listener" => "default")
]) - failure description: {"WFLYCTL0080: Failed services" => {"org.wildfly.undertow.listener.default" => "Address already in use: bind /127.0.0.1:8080"}}
2021-10-12 15:32:12,402 INFO  [org.jboss.as.controller] (Controller Boot Thread) WFLYCTL0183: Service status report
WFLYCTL0184:    New missing/unsatisfied dependencies:
      service jboss.http-upgrade-registry.default (missing) dependents: [service jboss.remoting.remoting-http-upgrade-service.http-remoting-connector] 
WFLYCTL0186:   Services which failed to start:      service org.wildfly.undertow.listener.default: Address already in use: bind /127.0.0.1:8080
WFLYCTL0448: 1 additional services are down due to their dependencies being missing or failed
2021-10-12 15:32:13,879 INFO  [org.jboss.as.server] (Controller Boot Thread) WFLYSRV0212: Resuming server
2021-10-12 15:32:13,883 ERROR [org.jboss.as] (Controller Boot Thread) WFLYSRV0026: WildFly Full 24.0.1.Final (WildFly Core 16.0.1.Final) started (with errors) in 7397ms - Started 312 of 556 services (3 services failed or missing dependencies, 344 services are lazy, passive or on-demand)
2021-10-12 15:32:13,888 INFO  [org.jboss.as] (Controller Boot Thread) WFLYSRV0060: Http management interface listening on http://127.0.0.1:9990/management
2021-10-12 15:32:13,890 INFO  [org.jboss.as] (Controller Boot Thread) WFLYSRV0051: Admin console listening on http://127.0.0.1:9990
2021-10-12 15:44:07,612 INFO  [org.jboss.modules] (main) JBoss Modules version 1.11.0.Final
2021-10-12 15:44:08,278 INFO  [org.jboss.as.repository] (management-handler-thread - 2) WFLYDR0001: Content added at location D:\STP-Backend-Projects\TASK5\target\wildfly-24.0.1.Final\standalone\data\content\d6\841308840e466b15720c0b56b882db3971c675\content
2021-10-12 15:44:08,316 INFO  [org.jboss.as.server.deployment] (MSC service thread 1-4) WFLYSRV0027: Starting deployment of "TASK5-1.0-SNAPSHOT.war" (runtime-name: "TASK5-1.0-SNAPSHOT.war")
2021-10-12 15:44:08,769 INFO  [org.jboss.msc] (main) JBoss MSC version 1.4.12.Final
2021-10-12 15:44:08,785 INFO  [org.jboss.threads] (main) JBoss Threads version 2.4.0.Final
2021-10-12 15:44:08,990 INFO  [org.jboss.as] (MSC service thread 1-1) WFLYSRV0049: WildFly Full 24.0.1.Final (WildFly Core 16.0.1.Final) starting
2021-10-12 15:44:08,992 DEBUG [org.jboss.as.config] (MSC service thread 1-1) Configured system properties:
	[Standalone] = 
	file.encoding = Cp1252
	file.separator = \
	java.awt.headless = true
	java.class.path = D:\STP-Backend-Projects\TASK5\target\wildfly-24.0.1.Final\jboss-modules.jar
	java.class.version = 61.0
	java.home = C:\Users\smaged\.jdks\openjdk-17
	java.io.tmpdir = C:\Users\smaged\AppData\Local\Temp\
	java.library.path = C:\Users\smaged\.jdks\openjdk-17\bin;C:\Windows\Sun\Java\bin;C:\Windows\system32;C:\Windows;C:\Program Files\Common Files\Oracle\Java\javapath;C:\Python39\Scripts\;C:\Python39\;C:\Windows\system32;C:\Windows;C:\Windows\System32\Wbem;C:\Windows\System32\WindowsPowerShell\v1.0\;C:\Windows\System32\OpenSSH\;C:\Program Files\Microsoft VS Code\bin;C:\Program Files\nodejs\;C:\ProgramData\chocolatey\bin;C:\Program Files\Git\cmd;C:\Program Files\Java\jdk-11.0.11\bin;C:\Users\smaged\Downloads\apache-maven-3.8.2\bin;C:\Program Files\MySQL\MySQL Shell 8.0\bin\;.
	java.net.preferIPv4Stack = true
	java.runtime.name = OpenJDK Runtime Environment
	java.runtime.version = 17+35-2724
	java.specification.name = Java Platform API Specification
	java.specification.vendor = Oracle Corporation
	java.specification.version = 17
	java.util.logging.manager = org.jboss.logmanager.LogManager
	java.vendor = Oracle Corporation
	java.vendor.url = https://java.oracle.com/
	java.vendor.url.bug = https://bugreport.java.com/bugreport/
	java.version = 17
	java.version.date = 2021-09-14
	java.vm.compressedOopsMode = 32-bit
	java.vm.info = mixed mode, sharing
	java.vm.name = OpenJDK 64-Bit Server VM
	java.vm.specification.name = Java Virtual Machine Specification
	java.vm.specification.vendor = Oracle Corporation
	java.vm.specification.version = 17
	java.vm.vendor = Oracle Corporation
	java.vm.version = 17+35-2724
	javax.management.builder.initial = org.jboss.as.jmx.PluggableMBeanServerBuilder
	jboss.home.dir = D:\STP-Backend-Projects\TASK5\target\wildfly-24.0.1.Final
	jboss.host.name = smaged-10
	jboss.modules.dir = D:\STP-Backend-Projects\TASK5\target\wildfly-24.0.1.Final\modules
	jboss.modules.system.pkgs = org.jboss.byteman
	jboss.node.name = smaged-10
	jboss.qualified.host.name = smaged-10
	jboss.server.base.dir = D:\STP-Backend-Projects\TASK5\target\wildfly-24.0.1.Final\standalone
	jboss.server.config.dir = D:\STP-Backend-Projects\TASK5\target\wildfly-24.0.1.Final\standalone\configuration
	jboss.server.data.dir = D:\STP-Backend-Projects\TASK5\target\wildfly-24.0.1.Final\standalone\data
	jboss.server.deploy.dir = D:\STP-Backend-Projects\TASK5\target\wildfly-24.0.1.Final\standalone\data\content
	jboss.server.log.dir = D:\STP-Backend-Projects\TASK5\target\wildfly-24.0.1.Final\standalone\log
	jboss.server.name = smaged-10
	jboss.server.persist.config = true
	jboss.server.temp.dir = D:\STP-Backend-Projects\TASK5\target\wildfly-24.0.1.Final\standalone\tmp
	jdk.debug = release
	line.separator = 

	logging.configuration = file:D:\STP-Backend-Projects\TASK5\target\wildfly-24.0.1.Final\standalone\configuration\logging.properties
	module.path = D:\STP-Backend-Projects\TASK5\target\wildfly-24.0.1.Final\modules
	native.encoding = Cp1252
	org.jboss.boot.log.file = D:\STP-Backend-Projects\TASK5\target\wildfly-24.0.1.Final\standalone\log\server.log
	org.jboss.resolver.warning = true
	os.arch = amd64
	os.name = Windows 10
	os.version = 10.0
	path.separator = ;
	sun.arch.data.model = 64
	sun.boot.library.path = C:\Users\smaged\.jdks\openjdk-17\bin
	sun.cpu.endian = little
	sun.cpu.isalist = amd64
	sun.io.unicode.encoding = UnicodeLittle
	sun.java.command = D:\STP-Backend-Projects\TASK5\target\wildfly-24.0.1.Final\jboss-modules.jar -mp D:\STP-Backend-Projects\TASK5\target\wildfly-24.0.1.Final\modules org.jboss.as.standalone -Djboss.home.dir=D:\STP-Backend-Projects\TASK5\target\wildfly-24.0.1.Final -Djboss.server.base.dir=D:\STP-Backend-Projects\TASK5\target\wildfly-24.0.1.Final\standalone -Djboss.server.log.dir=D:\STP-Backend-Projects\TASK5\target\wildfly-24.0.1.Final\standalone\log -Djboss.server.config.dir=D:\STP-Backend-Projects\TASK5\target\wildfly-24.0.1.Final\standalone\configuration
	sun.java.launcher = SUN_STANDARD
	sun.jnu.encoding = Cp1252
	sun.management.compiler = HotSpot 64-Bit Tiered Compilers
	sun.os.patch.level = 
	user.country = US
	user.dir = D:\STP-Backend-Projects\TASK5
	user.home = C:\Users\smaged
	user.language = en
	user.name = smaged
	user.script = 
	user.timezone = Africa/Cairo
	user.variant = 
2021-10-12 15:44:08,997 DEBUG [org.jboss.as.config] (MSC service thread 1-1) VM Arguments: -D[Standalone] -Xms64m -Xmx512m -Djava.net.preferIPv4Stack=true -Djava.awt.headless=true -Djboss.modules.system.pkgs=org.jboss.byteman --add-exports=java.base/sun.nio.ch=ALL-UNNAMED --add-exports=jdk.unsupported/sun.reflect=ALL-UNNAMED --add-exports=jdk.unsupported/sun.misc=ALL-UNNAMED -Dorg.jboss.boot.log.file=D:\STP-Backend-Projects\TASK5\target\wildfly-24.0.1.Final\standalone\log\server.log -Dlogging.configuration=file:D:\STP-Backend-Projects\TASK5\target\wildfly-24.0.1.Final\standalone\configuration\logging.properties 
2021-10-12 15:44:11,240 INFO  [org.wildfly.security] (ServerService Thread Pool -- 8) ELY00001: WildFly Elytron version 1.16.1.Final
2021-10-12 15:44:12,204 INFO  [org.jboss.as.controller.management-deprecated] (ServerService Thread Pool -- 33) WFLYCTL0033: Extension 'security' is deprecated and may not be supported in future versions
2021-10-12 15:44:12,911 INFO  [org.jboss.as.controller.management-deprecated] (Controller Boot Thread) WFLYCTL0028: Attribute 'security-realm' in the resource at address '/core-service=management/management-interface=http-interface' is deprecated, and may be removed in a future version. See the attribute description in the output of the read-resource-description operation to learn more about the deprecation.
2021-10-12 15:44:12,957 INFO  [org.jboss.as.controller.management-deprecated] (ServerService Thread Pool -- 15) WFLYCTL0028: Attribute 'security-realm' in the resource at address '/subsystem=undertow/server=default-server/https-listener=https' is deprecated, and may be removed in a future version. See the attribute description in the output of the read-resource-description operation to learn more about the deprecation.
2021-10-12 15:44:13,230 INFO  [org.jboss.as.server] (Controller Boot Thread) WFLYSRV0039: Creating http management service using socket-binding (management-http)
2021-10-12 15:44:13,276 INFO  [org.xnio] (MSC service thread 1-4) XNIO version 3.8.4.Final
2021-10-12 15:44:13,299 INFO  [org.xnio.nio] (MSC service thread 1-4) XNIO NIO Implementation Version 3.8.4.Final
2021-10-12 15:44:13,413 INFO  [org.jboss.as.connector.subsystems.datasources] (ServerService Thread Pool -- 44) WFLYJCA0004: Deploying JDBC-compliant driver class org.h2.Driver (version 1.4)
2021-10-12 15:44:13,432 INFO  [org.wildfly.extension.health] (ServerService Thread Pool -- 52) WFLYHEALTH0001: Activating Base Health Subsystem
2021-10-12 15:44:13,437 INFO  [org.jboss.as.clustering.infinispan] (ServerService Thread Pool -- 53) WFLYCLINF0001: Activating Infinispan subsystem.
2021-10-12 15:44:13,470 INFO  [org.wildfly.extension.microprofile.config.smallrye] (ServerService Thread Pool -- 63) WFLYCONF0001: Activating MicroProfile Config Subsystem
2021-10-12 15:44:13,472 INFO  [org.wildfly.extension.microprofile.jwt.smallrye] (ServerService Thread Pool -- 64) WFLYJWT0001: Activating MicroProfile JWT Subsystem
2021-10-12 15:44:13,481 INFO  [org.jboss.as.jsf] (ServerService Thread Pool -- 60) WFLYJSF0007: Activated the following Jakarta Server Faces Implementations: [main]
2021-10-12 15:44:13,495 WARN  [org.jboss.as.txn] (ServerService Thread Pool -- 74) WFLYTX0013: The node-identifier attribute on the /subsystem=transactions is set to the default value. This is a danger for environments running multiple servers. Please make sure the attribute value is unique.
2021-10-12 15:44:13,507 INFO  [org.jboss.as.jaxrs] (ServerService Thread Pool -- 55) WFLYRS0016: RESTEasy version 3.15.1.Final
2021-10-12 15:44:13,511 INFO  [org.wildfly.extension.metrics] (ServerService Thread Pool -- 62) WFLYMETRICS0001: Activating Base Metrics Subsystem
2021-10-12 15:44:13,514 INFO  [org.wildfly.extension.microprofile.opentracing] (ServerService Thread Pool -- 65) WFLYTRACEXT0001: Activating MicroProfile OpenTracing Subsystem
2021-10-12 15:44:13,547 INFO  [org.jboss.as.security] (ServerService Thread Pool -- 72) WFLYSEC0002: Activating Security Subsystem
2021-10-12 15:44:13,558 INFO  [org.jboss.as.naming] (ServerService Thread Pool -- 66) WFLYNAM0001: Activating Naming Subsystem
2021-10-12 15:44:13,568 INFO  [org.jboss.as.security] (MSC service thread 1-6) WFLYSEC0001: Current PicketBox version=5.0.3.Final-redhat-00007
2021-10-12 15:44:13,601 INFO  [org.jboss.as.webservices] (ServerService Thread Pool -- 76) WFLYWS0002: Activating WebServices Extension
2021-10-12 15:44:13,666 INFO  [org.wildfly.extension.undertow] (MSC service thread 1-2) WFLYUT0003: Undertow 2.2.8.Final starting
2021-10-12 15:44:13,671 INFO  [org.jboss.as.connector] (MSC service thread 1-8) WFLYJCA0009: Starting Jakarta Connectors Subsystem (WildFly/IronJacamar 1.4.35.Final)
2021-10-12 15:44:13,956 INFO  [org.jboss.as.connector.deployers.jdbc] (MSC service thread 1-2) WFLYJCA0018: Started Driver service with driver-name = h2
2021-10-12 15:44:13,966 INFO  [org.jboss.as.naming] (MSC service thread 1-3) WFLYNAM0003: Starting Naming Service
2021-10-12 15:44:13,969 WARN  [org.wildfly.extension.elytron] (MSC service thread 1-8) WFLYELY00023: KeyStore file 'D:\STP-Backend-Projects\TASK5\target\wildfly-24.0.1.Final\standalone\configuration\application.keystore' does not exist. Used blank.
2021-10-12 15:44:14,019 INFO  [org.jboss.as.mail.extension] (MSC service thread 1-3) WFLYMAIL0001: Bound mail session [java:jboss/mail/Default]
2021-10-12 15:44:14,127 INFO  [org.wildfly.extension.undertow] (ServerService Thread Pool -- 75) WFLYUT0014: Creating file handler for path 'D:\STP-Backend-Projects\TASK5\target\wildfly-24.0.1.Final/welcome-content' with options [directory-listing: 'false', follow-symlink: 'false', case-sensitive: 'true', safe-symlink-paths: '[]']
2021-10-12 15:44:14,207 WARN  [org.wildfly.extension.elytron] (MSC service thread 1-2) WFLYELY01084: KeyStore D:\STP-Backend-Projects\TASK5\target\wildfly-24.0.1.Final\standalone\configuration\application.keystore not found, it will be auto generated on first use with a self-signed certificate for host localhost
2021-10-12 15:44:14,667 INFO  [org.wildfly.extension.io] (ServerService Thread Pool -- 54) WFLYIO001: Worker 'default' has auto-configured to 16 IO threads with 128 max task threads based on your 8 available processors
2021-10-12 15:44:14,681 INFO  [org.jboss.as.ejb3] (MSC service thread 1-3) WFLYEJB0481: Strict pool slsb-strict-max-pool is using a max instance size of 128 (per class), which is derived from thread worker pool sizing.
2021-10-12 15:44:14,681 INFO  [org.jboss.as.ejb3] (MSC service thread 1-7) WFLYEJB0482: Strict pool mdb-strict-max-pool is using a max instance size of 32 (per class), which is derived from the number of CPUs on this host.
2021-10-12 15:44:14,883 INFO  [org.jboss.remoting] (MSC service thread 1-3) JBoss Remoting version 5.0.23.Final
2021-10-12 15:44:14,938 INFO  [org.jboss.as.patching] (MSC service thread 1-2) WFLYPAT0050: WildFly Full cumulative patch ID is: base, one-off patches include: none
2021-10-12 15:44:14,976 WARN  [org.jboss.as.domain.management.security] (MSC service thread 1-1) WFLYDM0111: Keystore D:\STP-Backend-Projects\TASK5\target\wildfly-24.0.1.Final\standalone\configuration\application.keystore not found, it will be auto generated on first use with a self signed certificate for host localhost
2021-10-12 15:44:15,045 INFO  [org.jboss.as.server.deployment.scanner] (MSC service thread 1-8) WFLYDS0013: Started FileSystemDeploymentService for directory D:\STP-Backend-Projects\TASK5\target\wildfly-24.0.1.Final\standalone\deployments
2021-10-12 15:44:15,051 INFO  [org.wildfly.extension.undertow] (MSC service thread 1-2) WFLYUT0012: Started server default-server.
2021-10-12 15:44:15,052 INFO  [org.wildfly.extension.undertow] (MSC service thread 1-8) Queuing requests.
2021-10-12 15:44:15,057 INFO  [org.wildfly.extension.undertow] (MSC service thread 1-8) WFLYUT0018: Host default-host starting
2021-10-12 15:44:15,075 INFO  [org.jboss.as.ejb3] (MSC service thread 1-8) WFLYEJB0493: Jakarta Enterprise Beans subsystem suspension complete
2021-10-12 15:44:15,078 ERROR [org.jboss.msc.service.fail] (MSC service thread 1-2) MSC000001: Failed to start service org.wildfly.undertow.listener.default: org.jboss.msc.service.StartException in service org.wildfly.undertow.listener.default: Address already in use: bind /127.0.0.1:8080
	at org.wildfly.extension.undertow@24.0.1.Final//org.wildfly.extension.undertow.ListenerService.start(ListenerService.java:212)
	at org.jboss.msc@1.4.12.Final//org.jboss.msc.service.ServiceControllerImpl$StartTask.startService(ServiceControllerImpl.java:1739)
	at org.jboss.msc@1.4.12.Final//org.jboss.msc.service.ServiceControllerImpl$StartTask.execute(ServiceControllerImpl.java:1701)
	at org.jboss.msc@1.4.12.Final//org.jboss.msc.service.ServiceControllerImpl$ControllerTask.run(ServiceControllerImpl.java:1559)
	at org.jboss.threads@2.4.0.Final//org.jboss.threads.ContextClassLoaderSavingRunnable.run(ContextClassLoaderSavingRunnable.java:35)
	at org.jboss.threads@2.4.0.Final//org.jboss.threads.EnhancedQueueExecutor.safeRun(EnhancedQueueExecutor.java:1990)
	at org.jboss.threads@2.4.0.Final//org.jboss.threads.EnhancedQueueExecutor$ThreadBody.doRunTask(EnhancedQueueExecutor.java:1486)
	at org.jboss.threads@2.4.0.Final//org.jboss.threads.EnhancedQueueExecutor$ThreadBody.run(EnhancedQueueExecutor.java:1377)
	at java.base/java.lang.Thread.run(Thread.java:833)

2021-10-12 15:44:15,102 ERROR [org.jboss.msc.service.fail] (MSC service thread 1-3) MSC000001: Failed to start service org.wildfly.undertow.listener.https: org.jboss.msc.service.StartException in service org.wildfly.undertow.listener.https: Address already in use: bind /127.0.0.1:8443
	at org.wildfly.extension.undertow@24.0.1.Final//org.wildfly.extension.undertow.ListenerService.start(ListenerService.java:212)
	at org.jboss.msc@1.4.12.Final//org.jboss.msc.service.ServiceControllerImpl$StartTask.startService(ServiceControllerImpl.java:1739)
	at org.jboss.msc@1.4.12.Final//org.jboss.msc.service.ServiceControllerImpl$StartTask.execute(ServiceControllerImpl.java:1701)
	at org.jboss.msc@1.4.12.Final//org.jboss.msc.service.ServiceControllerImpl$ControllerTask.run(ServiceControllerImpl.java:1559)
	at org.jboss.threads@2.4.0.Final//org.jboss.threads.ContextClassLoaderSavingRunnable.run(ContextClassLoaderSavingRunnable.java:35)
	at org.jboss.threads@2.4.0.Final//org.jboss.threads.EnhancedQueueExecutor.safeRun(EnhancedQueueExecutor.java:1990)
	at org.jboss.threads@2.4.0.Final//org.jboss.threads.EnhancedQueueExecutor$ThreadBody.doRunTask(EnhancedQueueExecutor.java:1486)
	at org.jboss.threads@2.4.0.Final//org.jboss.threads.EnhancedQueueExecutor$ThreadBody.run(EnhancedQueueExecutor.java:1377)
	at java.base/java.lang.Thread.run(Thread.java:833)

2021-10-12 15:44:15,209 ERROR [org.jboss.msc.service.fail] (MSC service thread 1-6) MSC000001: Failed to start service org.wildfly.management.http.extensible: org.jboss.msc.service.StartException in service org.wildfly.management.http.extensible: java.net.BindException: Address already in use: bind /127.0.0.1:9990
	at org.jboss.as.server@16.0.1.Final//org.jboss.as.server.mgmt.UndertowHttpManagementService.start(UndertowHttpManagementService.java:399)
	at org.jboss.msc@1.4.12.Final//org.jboss.msc.service.ServiceControllerImpl$StartTask.startService(ServiceControllerImpl.java:1739)
	at org.jboss.msc@1.4.12.Final//org.jboss.msc.service.ServiceControllerImpl$StartTask.execute(ServiceControllerImpl.java:1701)
	at org.jboss.msc@1.4.12.Final//org.jboss.msc.service.ServiceControllerImpl$ControllerTask.run(ServiceControllerImpl.java:1559)
	at org.jboss.threads@2.4.0.Final//org.jboss.threads.ContextClassLoaderSavingRunnable.run(ContextClassLoaderSavingRunnable.java:35)
	at org.jboss.threads@2.4.0.Final//org.jboss.threads.EnhancedQueueExecutor.safeRun(EnhancedQueueExecutor.java:1990)
	at org.jboss.threads@2.4.0.Final//org.jboss.threads.EnhancedQueueExecutor$ThreadBody.doRunTask(EnhancedQueueExecutor.java:1486)
	at org.jboss.threads@2.4.0.Final//org.jboss.threads.EnhancedQueueExecutor$ThreadBody.run(EnhancedQueueExecutor.java:1377)
	at java.base/java.lang.Thread.run(Thread.java:833)

2021-10-12 15:44:15,287 INFO  [org.jboss.as.connector.subsystems.datasources] (MSC service thread 1-2) WFLYJCA0001: Bound data source [java:jboss/datasources/ExampleDS]
2021-10-12 15:44:15,395 ERROR [org.jboss.as.controller.management-operation] (Controller Boot Thread) WFLYCTL0013: Operation ("add") failed - address: ([
    ("core-service" => "management"),
    ("management-interface" => "http-interface")
]) - failure description: {
    "WFLYCTL0080: Failed services" => {"org.wildfly.management.http.extensible" => "java.net.BindException: Address already in use: bind /127.0.0.1:9990"},
    "WFLYCTL0412: Required services that are not installed:" => ["jboss.http-upgrade-registry.http-management"],
    "WFLYCTL0180: Services with missing/unavailable dependencies" => ["jboss.remoting.remoting-http-upgrade-service.http-management is missing [jboss.http-upgrade-registry.http-management]"]
}
2021-10-12 15:44:15,500 ERROR [org.jboss.as.controller.management-operation] (Controller Boot Thread) WFLYCTL0013: Operation ("add") failed - address: ([
    ("subsystem" => "remoting"),
    ("http-connector" => "http-remoting-connector")
]) - failure description: {
    "WFLYCTL0412: Required services that are not installed:" => ["jboss.http-upgrade-registry.default"],
    "WFLYCTL0180: Services with missing/unavailable dependencies" => ["jboss.remoting.remoting-http-upgrade-service.http-remoting-connector is missing [jboss.http-upgrade-registry.default]"]
}
2021-10-12 15:44:15,502 ERROR [org.jboss.as.controller.management-operation] (Controller Boot Thread) WFLYCTL0013: Operation ("add") failed - address: ([
    ("subsystem" => "undertow"),
    ("server" => "default-server"),
    ("http-listener" => "default")
]) - failure description: {"WFLYCTL0080: Failed services" => {"org.wildfly.undertow.listener.default" => "Address already in use: bind /127.0.0.1:8080"}}
2021-10-12 15:44:15,503 ERROR [org.jboss.as.controller.management-operation] (Controller Boot Thread) WFLYCTL0013: Operation ("add") failed - address: ([
    ("subsystem" => "undertow"),
    ("server" => "default-server"),
    ("https-listener" => "https")
]) - failure description: {"WFLYCTL0080: Failed services" => {"org.wildfly.undertow.listener.https" => "Address already in use: bind /127.0.0.1:8443"}}
2021-10-12 15:44:15,505 ERROR [org.jboss.as.controller] (Controller Boot Thread) WFLYCTL0459: Triggering roll back due to missing management services.
2021-10-12 15:44:15,506 ERROR [org.jboss.as.controller.management-operation] (Controller Boot Thread) WFLYCTL0013: Operation ("add") failed - address: ([
    ("core-service" => "management"),
    ("management-interface" => "http-interface")
]) - failure description: {
    "WFLYCTL0080: Failed services" => {"org.wildfly.management.http.extensible" => "java.net.BindException: Address already in use: bind /127.0.0.1:9990"},
    "WFLYCTL0412: Required services that are not installed:" => ["jboss.http-upgrade-registry.http-management"],
    "WFLYCTL0180: Services with missing/unavailable dependencies" => ["jboss.remoting.remoting-http-upgrade-service.http-management is missing [jboss.http-upgrade-registry.http-management]"]
}
2021-10-12 15:44:15,538 INFO  [org.jboss.as.mail.extension] (MSC service thread 1-4) WFLYMAIL0002: Unbound mail session [java:jboss/mail/Default]
2021-10-12 15:44:15,539 INFO  [org.jboss.as.connector.subsystems.datasources] (MSC service thread 1-2) WFLYJCA0010: Unbound data source [java:jboss/datasources/ExampleDS]
2021-10-12 15:44:15,544 INFO  [org.jboss.as.connector.deployers.jdbc] (MSC service thread 1-6) WFLYJCA0019: Stopped Driver service with driver-name = h2
2021-10-12 15:44:15,552 INFO  [org.wildfly.extension.undertow] (MSC service thread 1-3) WFLYUT0019: Host default-host stopping
2021-10-12 15:44:15,561 INFO  [org.wildfly.extension.undertow] (MSC service thread 1-7) WFLYUT0004: Undertow 2.2.8.Final stopping
2021-10-12 15:44:15,604 FATAL [org.jboss.as.server] (Controller Boot Thread) WFLYSRV0056: Server boot has failed in an unrecoverable manner; exiting. See previous messages for details.
2021-10-12 15:44:15,709 INFO  [org.jboss.as] (MSC service thread 1-5) WFLYSRV0050: WildFly Full 24.0.1.Final (WildFly Core 16.0.1.Final) stopped in 90ms
2021-10-12 15:44:16,120 WARN  [org.jboss.as.server.deployment] (MSC service thread 1-5) WFLYSRV0059: Class Path entry txw2-2.3.1.jar in /D:/STP-Backend-Projects/TASK5/content/TASK5-1.0-SNAPSHOT.war/WEB-INF/lib/jaxb-runtime-2.3.1.jar  does not point to a valid jar for a Class-Path reference.
2021-10-12 15:44:16,121 WARN  [org.jboss.as.server.deployment] (MSC service thread 1-5) WFLYSRV0059: Class Path entry stax-ex-1.8.jar in /D:/STP-Backend-Projects/TASK5/content/TASK5-1.0-SNAPSHOT.war/WEB-INF/lib/jaxb-runtime-2.3.1.jar  does not point to a valid jar for a Class-Path reference.
2021-10-12 15:44:16,148 ERROR [org.jboss.as.server] (management-handler-thread - 2) WFLYSRV0021: Deploy of deployment "TASK5-1.0-SNAPSHOT.war" was rolled back with the following failure message: undefined
2021-10-12 15:44:16,215 INFO  [org.jboss.as.server.deployment] (MSC service thread 1-7) WFLYSRV0028: Stopped deployment TASK5-1.0-SNAPSHOT.war (runtime-name: TASK5-1.0-SNAPSHOT.war) in 67ms
2021-10-12 15:44:16,216 INFO  [org.jboss.as.controller] (management-handler-thread - 2) WFLYCTL0183: Service status report
WFLYCTL0186:   Services which failed to start:      service org.wildfly.undertow.listener.default: Address already in use: bind /127.0.0.1:8080

2021-10-12 15:52:08,653 INFO  [org.jboss.as.repository] (ServerService Thread Pool -- 1) WFLYDR0009: Content D:\STP-Backend-Projects\TASK5\target\wildfly-24.0.1.Final\standalone\data\content\d6\841308840e466b15720c0b56b882db3971c675 is obsolete and will be removed
2021-10-12 15:52:08,676 INFO  [org.jboss.as.repository] (ServerService Thread Pool -- 1) WFLYDR0002: Content removed from location D:\STP-Backend-Projects\TASK5\target\wildfly-24.0.1.Final\standalone\data\content\d6\841308840e466b15720c0b56b882db3971c675\content
2021-10-12 16:04:44,526 INFO  [org.jboss.as.server] (management-handler-thread - 3) WFLYSRV0272: Suspending server
2021-10-12 16:04:44,531 INFO  [org.jboss.as.ejb3] (management-handler-thread - 3) WFLYEJB0493: Jakarta Enterprise Beans subsystem suspension complete
2021-10-12 16:04:44,534 INFO  [org.jboss.as.server] (Management Triggered Shutdown) WFLYSRV0241: Shutting down in response to management operation 'shutdown'
2021-10-12 16:04:44,547 INFO  [org.jboss.as.connector.subsystems.datasources] (MSC service thread 1-7) WFLYJCA0010: Unbound data source [java:jboss/datasources/ExampleDS]
2021-10-12 16:04:44,548 INFO  [org.wildfly.extension.undertow] (MSC service thread 1-4) WFLYUT0019: Host default-host stopping
2021-10-12 16:04:44,548 INFO  [org.jboss.as.mail.extension] (MSC service thread 1-5) WFLYMAIL0002: Unbound mail session [java:jboss/mail/Default]
2021-10-12 16:04:44,551 INFO  [org.wildfly.extension.undertow] (MSC service thread 1-1) WFLYUT0008: Undertow HTTPS listener https suspending
2021-10-12 16:04:44,552 INFO  [org.wildfly.extension.undertow] (MSC service thread 1-1) WFLYUT0007: Undertow HTTPS listener https stopped, was bound to 127.0.0.1:8443
2021-10-12 16:04:44,555 INFO  [org.wildfly.extension.undertow] (MSC service thread 1-2) WFLYUT0004: Undertow 2.2.8.Final stopping
2021-10-12 16:04:44,561 INFO  [org.jboss.as.connector.deployers.jdbc] (MSC service thread 1-2) WFLYJCA0019: Stopped Driver service with driver-name = h2
2021-10-12 16:04:44,580 INFO  [org.jboss.as] (MSC service thread 1-2) WFLYSRV0050: WildFly Full 24.0.1.Final (WildFly Core 16.0.1.Final) stopped in 37ms
